2020-12-16 13:52:17.836 GetAppParams: Caller=undefined
2020-12-16 13:54:32.689 GetAppParams: Caller=undefined
2020-12-16 13:57:40.378 GetAppParams: Caller=undefined
2020-12-16 13:58:30.421 GetAppParams: Caller=undefined
2020-12-16 13:59:36.843 GetAppParams: Caller=undefined
2020-12-16 14:01:00.209 GetAppParams: Caller=undefined
2020-12-16 14:07:13.996 GetAppParams: Caller=undefined
2020-12-16 14:08:18.875 GetAppParams: Caller=undefined
2020-12-16 14:16:47.318 GetAppParams: Caller=undefined
2020-12-16 14:19:00.264 GetAppParams: Caller=undefined
2020-12-16 15:21:51.618 GetAppParams: Caller=undefined
2020-12-16 15:23:45.033 GetAppParams: Caller=undefined
2020-12-16 15:23:45.112 timeclock: Caller=undefined
2020-12-16 15:24:07.424 GetAppParams: Caller=undefined
2020-12-16 15:24:07.493 timeclock: Caller=undefined
2020-12-16 15:30:14.955 GetAppParams: Caller=undefined
2020-12-16 15:34:56.168 GetAppParams: Caller=undefined
2020-12-16 15:37:14.674 GetAppParams: Caller=undefined
2020-12-16 15:42:10.605 GetAppParams: Caller=undefined
2020-12-16 15:42:21.226 timeclock: Caller=undefined
2020-12-16 16:44:38.867 *** u-fs.readJsonFile Error: Unexpected token { in JSON at position 784
2020-12-16 16:44:38.868 *** u-app.initialize Error: Unable to read program settings file (./jwt-server.json)
2020-12-16 16:54:39.941 GetAppParams: Caller=undefined
2020-12-16 16:54:51.147 timeclock: Caller=undefined
2020-12-16 16:57:36.652 GetAppParams: Caller=undefined
2020-12-16 17:01:33.672 GetAppParams: Caller=undefined
2020-12-16 17:15:20.194 GetAppParams: Caller=undefined
2020-12-16 17:15:38.506 GetAppParams: Caller=undefined
2020-12-16 17:15:38.605 time-clock: Caller=undefined
2020-12-16 19:03:14.461 GetAppParams: Caller=undefined
2020-12-16 19:03:14.529 time-clock: Caller=undefined
2020-12-16 19:17:43.551 GetAppParams: Caller=undefined
2020-12-16 19:17:43.634 time-clock: Caller=undefined
2020-12-16 19:17:56.856 GetAppParams: Caller=undefined
2020-12-16 19:17:56.923 time-clock: Caller=undefined
2020-12-16 19:20:22.014 GetAppParams: Caller=undefined
2020-12-16 19:20:24.569 time-clock: Caller=undefined
